tests/argument_test.cpp:
#include "../include/rocket/runtime.hpp"
#include "rocket/asset.hpp"
#include "rocket/io.hpp"
#include "rocket/renderer.hpp"
#include "rocket/types.hpp"
#include "rocket/window.hpp"
#include <iostream>

int main(int argc, char **argv) {
    rocket::register_argument("do-something-impressive", []() {
        std::cout << "okay but how\n";
    }, "Do something really impressive");
    rocket::register_argument("print-smth", [](std::string value) {
        std::cout << value << '\n';
    }, "Print Something", "str");
    rocket::init(argc, argv);
    bool test_mode = false;
    if (argc >= 3 && std::string(argv[2]) == "--unit-test") {
        rocket::set_log_level(rocket::log_level_t::none);
        test_mode = true;
    }
    rocket::window_t window({1920, 1080}, "RocketGE - Argument Test");
    rocket::renderer_2d r(&window, 60, {.show_splash = !test_mode});

    while (window.is_running()) {
        r.begin_frame();
        r.clear();
        {
        }
        r.end_frame();
        window.poll_events();

        if (test_mode) return 0;
    }

    r.close();
    window.close();
}

tests/borderless_windowed_test.cpp:
#include "rocket/renderer.hpp"
#include "rocket/window.hpp"
#include <iostream>
#include <rocket/runtime.hpp>
#include <string>

int main(int argc, char **argv) {
    rocket::init(argc, argv);
    bool test_mode = false;
    if (argc >= 3 && std::string(argv[2]) == "--unit-test") {
        rocket::set_log_level(rocket::log_level_t::none);
        test_mode = true;
    }

    rocket::window::cpl_init();
    rocket::monitor_t main_mon = rocket::monitor_t::of(0);
    rocket::window_t window = { main_mon.size, "RocketGE - Borderless Windowed Test" };
    rocket::renderer_2d r = { &window, 60, { .show_splash = !test_mode } };

    while (window.is_running()) {
        r.begin_frame();
        r.clear();
        r.end_frame();
        window.poll_events();

        if (test_mode) {
            auto win_size = window.get_size();
            auto mon_size = main_mon.size;

            int dx = std::abs((int)win_size.x  - (int)mon_size.x);
            int dy = std::abs((int)win_size.y - (int)mon_size.y);

            // Allow 100 pixels of difference in both directions
            return (dx > 100 || dy > 100);
        }
    }
}
tests/default_shader_test.cpp:
#include "rocket/asset.hpp"
#include "rocket/renderer.hpp"
#include "rocket/window.hpp"
#include <rocket/runtime.hpp>

int main(int argc, char **argv) {
    rocket::init(argc, argv);
    bool test_mode = false;
    if (argc >= 3 && std::string(argv[2]) == "--unit-test") {
        rocket::set_log_level(rocket::log_level_t::none);
        test_mode = true;
    }
    rocket::window_t window = { { 1280, 720 }, "RocketGE - Default Shader Test" };
    rocket::renderer_2d r = { &window, 60, {
        .show_splash = !test_mode
    } };

    rocket::asset_manager_t am;
    auto txid = am.load_texture("resources/atlas.png");
    std::shared_ptr<rocket::texture_t> tx = am.get_texture(txid);

    r.begin_render_mode(rocket::render_mode_t::texture_filter_none);

    int th = 0;
    while (window.is_running()) {
        r.begin_frame();
        r.clear();
        {
            r.draw_rectangle({ {20, 20}, {200, 200} });
            r.draw_circle({ 120, 350 }, 100, { 0, 0, 0, 255 }, 4);
            r.draw_text({"The quick brown fox jumps over the lazy dog", 32, rocket::rgb_color::black()}, { 300, 240 });
            r.draw_text({"The quick brown fox jumps over the lazy dog", 32, rocket::rgb_color::black(), rGE__FONT_DEFAULT_MONOSPACED}, { 300, 240 + 32 });
            r.draw_atlas_texture(tx, { {350, 350}, { 256, 256 } }, { 16*12, 16*12 }, { 16, 16 });
        }
        r.draw_fps();
        r.end_frame();
        window.poll_events();

        if (test_mode) return 0;
    }
}
tests/gamepad_test.cpp:
#include "rocket/asset.hpp"
#include "rocket/renderer.hpp"
#include "rocket/rgl.hpp"
#include "rocket/runtime.hpp"
#include "rocket/io.hpp"
#include "rocket/window.hpp"
#include <iostream>
#include <sstream>
#include <string>

int main(int argc, char **argv) {
    bool test_mode = false;
    if (argc >= 3 && std::string(argv[2]) == "--unit-test") {
        rocket::set_log_level(rocket::log_level_t::none);
        test_mode = true;
    }
    rocket::init(argc, argv);
    rocket::window::set_forced_platform(rocket::platform_type_t::linux_x11);
    rocket::window_t window = { { 1280, 720 }, "RocketGE - Gamepads" };
    rocket::renderer_2d r(&window, 60, {.show_splash = !test_mode});

    rocket::text_t text = { "", 48, rocket::rgb_color::black() };

    int hd = 0;
    if (auto gpads = rocket::gpad::get_available_gamepads(); gpads.size() > 0) {
        hd = gpads.at(0);
    }

    if (!rocket::gpad::is_available(hd)) {
        rocket::log("Gamepad is not available", "main.cpp", "main", "fatal");
        return 1;
    }
    rocket::gpad::gamepad_t gamepad = rocket::gpad::get_handle(hd);

    rocket::io::add_listener([](rocket::io::mouse_event_t event) {
        if (!event.state.pressed()) {
            return;
        }

        std::string logstr = "";
        if (event.button == rocket::io::mouse_button::left) {
            logstr = "LMB";
        } else if (event.button == rocket::io::mouse_button::right) {
            logstr = "RMB";
        } else if (event.button == rocket::io::mouse_button::middle) {
            logstr = "MMB";
        } else {
            logstr = "???";
        }
        rocket::log(logstr, "main.cpp", "mouse_listener", "info");
    });

    while (window.is_running()) {
        r.begin_frame();
        r.clear();
        bool can_dpy_controller_disconnected = false;
        {
            if (!rocket::gpad::is_available(hd)) {
                can_dpy_controller_disconnected = true;
                goto controller_disconnected;
            }
            std::stringstream ss;
            ss << "L2: " + std::to_string(rocket::gpad::get_axis_state(gamepad, rocket::gpad::axis_t::l2)) << " && ";
            ss << "R2: " + std::to_string(rocket::gpad::get_axis_state(gamepad, rocket::gpad::axis_t::r2));

            if (rocket::gpad::get_button_state(gamepad, rocket::gpad::button_t::a)) {
                ss << " && A";
                rocket::io::simulate(rocket::io::mouse_button::left, rocket::io::keystate_t::make_pressed(), rocket::io::mouse_pos());
            }

            text.text = ss.str();

            rocket::vec2f_t screen_size = r.get_viewport_size();
            rocket::vec2f_t text_size = text.measure();

            rocket::vec2f_t position = (screen_size / 2.0f) - (text_size / 2.0f);

            r.draw_text(text, position);

            r.draw_fps();

            rocket::gpad::set_vibration(gamepad, 1.0f, 1000);
        }
        controller_disconnected: {
            if (can_dpy_controller_disconnected) {
                text.text = "Controller Disconnected!";
                rocket::vec2f_t screen_size = r.get_viewport_size();
                rocket::vec2f_t text_size = text.measure();

                rocket::vec2f_t position = (screen_size / 2.0f) - (text_size / 2.0f);
                r.draw_text(text, position);
            }
        }
        r.end_frame();
        window.poll_events();

        if (test_mode) {
            return 0;
        }
    }
}
tests/icon_test.cpp:
#include "../include/rocket/runtime.hpp"
#include "rocket/asset.hpp"
#include "rocket/renderer.hpp"
#include "rocket/rgl.hpp"
#include "rocket/window.hpp"
#include "rocket/macros.hpp"

int main(int argc, char **argv) {
#ifdef ROCKETGE__Platform_Linux
    // --------------------------------------
    // wayland doesn't support window icons!
    // --------------------------------------
    // wayland also needs a valid framebuffer
    // before showing the window
    // --------------------------------------
    rocket::window::set_forced_platform(rocket::platform_type_t::linux_x11);
#endif
    bool test_mode = false;
    if (argc >= 3 && std::string(argv[2]) == "--unit-test") {
        rocket::set_log_level(rocket::log_level_t::none);
        test_mode = true;
    }
    rocket::init(argc, argv);
    rocket::window_t window = { { 1280, 720 }, "RocketGE - Window Icon Test"};
    rocket::renderer_2d r = { &window, 60, { .show_splash = !test_mode } };
    rocket::asset_manager_t asset_manager;
    rocket::assetid_t texture = asset_manager.load_texture("resources/window_icon.jpg", rocket::texture_color_format_t::rgba);
    window.set_icon(asset_manager.get_texture(texture));

    while (window.is_running()) {
        r.begin_frame();
        r.clear();
        r.end_frame();
        window.poll_events();
        if (test_mode) {
            return 0;
        }
    }

    window.close();
    return 0;
}
tests/initializer_test.cpp:
#include "../include/rocket/runtime.hpp"
#include "../include/rocket/asset.hpp"
#include "../include/rocket/io.hpp"
#include "../include/rocket/renderer.hpp"
#include "../include/rocket/types.hpp"
#include "../include/rocket/window.hpp"
#include <algorithm>
#include <iostream>

int main(int argc, char **argv) {
    bool test_mode = false;
    if (argc >= 3 && std::string(argv[2]) == "--unit-test") {
        rocket::set_log_level(rocket::log_level_t::none);
        test_mode = true;
    }
    rocket::init(argc, argv);
    // Initialize a native window
    rocket::window_t window = { {1280, 720}, "RocketGE - Initializer Test" };

    // Initialize default 2D renderer
    rocket::renderer_2d r2d(&window, 60, {.show_splash = !test_mode});

    // The main loop
    while (window.is_running()) {
        // Begin a new frame
        r2d.begin_frame();
        // Clear the screen with default color
        r2d.clear();
        {
            // Create and draw a basic rectangle
            r2d.draw_rectangle({
                // Set the position
                .pos = {
                    .x = 100,
                    .y = 100
                },
                // Set the size
                .size = {
                    .x = 128,
                    .y = 128
                }
                // Set the color
            }, rocket::rgba_color::red());
        }
        // End the frame
        r2d.end_frame();
        // Poll window events
        window.poll_events();

        if (test_mode) return 0;
    }

    window.close();
    r2d.close();
}
tests/io_simulation_test.cpp:
#include "rocket/asset.hpp"
#include "rocket/io.hpp"
#include "rocket/renderer.hpp"
#include "rocket/runtime.hpp"
#include "rocket/types.hpp"
#include "rocket/window.hpp"
#include <cstring>
#include <iostream>
#include <string>

int main(int argc, char **argv) {
    bool test_mode = false;
    if (argc >= 3 && std::string(argv[2]) == "--unit-test") {
        rocket::set_log_level(rocket::log_level_t::none);
        test_mode = true;
    }
    rocket::init(argc, argv);
    rocket::window_t window = { {1280, 720}, "RocketGE - IO Simulation Test" };
    rocket::renderer_2d r(&window, 60, {.show_splash = !test_mode});
    rocket::text_t instructions = {
        "Press the Arrow Keys for WASD",
        24, rocket::rgb_color::black()
    };

    rocket::io::add_listener([](rocket::io::key_event_t e) {
        if (!e.state.down()) {
            return;
        }
    });

    while (window.is_running()) {
        r.begin_frame();
        r.clear();

        if (rocket::io::key_down(rocket::io::keyboard_key::up)) {
            rocket::io::simulate(rocket::io::keyboard_key::w, rocket::io::keystate_t::make_down());
        }

        if (rocket::io::key_down(rocket::io::keyboard_key::down)) {
            rocket::io::simulate(rocket::io::keyboard_key::s, rocket::io::keystate_t::make_down());
        }

        if (rocket::io::key_down(rocket::io::keyboard_key::left)) {
            rocket::io::simulate(rocket::io::keyboard_key::a, rocket::io::keystate_t::make_down());
        }

        if (rocket::io::key_down(rocket::io::keyboard_key::right)) {
            rocket::io::simulate(rocket::io::keyboard_key::d, rocket::io::keystate_t::make_down());
        }

        if (rocket::io::key_down(rocket::io::keyboard_key::w)) {
            rocket::log("Key: [W]", "main.cpp", "main", "info");
        }

        if (rocket::io::key_down(rocket::io::keyboard_key::s)) {
            rocket::log("Key: [S]", "main.cpp", "main", "info");
        }

        if (rocket::io::key_down(rocket::io::keyboard_key::a)) {
            rocket::log("Key: [A]", "main.cpp", "main", "info");
        }

        if (rocket::io::key_down(rocket::io::keyboard_key::d)) {
            rocket::log("Key: [D]", "main.cpp", "main", "info");
        }

        r.end_frame();
        window.poll_events();
        if (test_mode) return 0;
    }
}
tests/io_test.cpp:
#include "rocket/asset.hpp"
#include "rocket/io.hpp"
#include "rocket/renderer.hpp"
#include <rocket/window.hpp>
#include <rocket/runtime.hpp>
#include <string>

std::string bool_to_str(bool b) {
    return b ? "true" : "false";
}

int main(int argc, char **argv) {
    bool test_mode = false;
    if (argc >= 3 && std::string(argv[2]) == "--unit-test") {
        rocket::set_log_level(rocket::log_level_t::none);
        test_mode = true;
    }
    rocket::init(argc, argv);
    rocket::window_t window = { { 1280, 720 }, "RocketGE - IO Test" };
    rocket::renderer_2d r(&window, 60, {.show_splash = !test_mode});

    while (window.is_running()) {
        r.begin_frame();
        r.clear();
        {
            std::vector<std::string> strs = {};
            strs.reserve(8);
            if (rocket::io::mouse_down(rocket::io::mouse_button::left)) {
                strs.push_back("LMB");
            } if (rocket::io::mouse_down(rocket::io::mouse_button::right)) {
                strs.push_back("RMB");
            } if (rocket::io::mouse_down(rocket::io::mouse_button::middle)) {
                strs.push_back("MMB");
            } if (rocket::io::mouse_down(rocket::io::mouse_button::button_4)) {
                strs.push_back("B4");
            } if (rocket::io::mouse_down(rocket::io::mouse_button::button_5)) {
                strs.push_back("B5");
            } if (rocket::io::mouse_down(rocket::io::mouse_button::button_6)) {
                strs.push_back("B6");
            } if (rocket::io::mouse_down(rocket::io::mouse_button::button_7)) {
                strs.push_back("B7");
            } if (rocket::io::mouse_down(rocket::io::mouse_button::button_8)) {
                strs.push_back("B8");
            }

            rocket::text_t t = { "", 32, rocket::rgb_color::black(), rGE__FONT_DEFAULT_MONOSPACED };
            for (auto &s : strs) {
                t.text += s + " ";
            }
            if (t.text.empty()) {
                t.text = "Press any mouse key to test";
            }
            r.draw_text(t, r.get_viewport_size() / 2.f - t.measure() / 2.f);
            r.draw_fps();
        }
        r.end_frame();
        window.poll_events();
        if (test_mode) return 0;
    }
}
tests/multithreaded_test.cpp:
#include "rocket/asset.hpp"
#include "rocket/renderer.hpp"
#include "rocket/rgl.hpp"
#include <chrono>
#include <rocket/runtime.hpp>
#include "rocket/types.hpp"
#include "rocket/window.hpp"
#include <rocket/threads.hpp>
#include <sstream>
#include <string>
#include <thread>

int main(int argc, char **argv) {
    bool test_mode = false;
    if (argc >= 3 && std::string(argv[2]) == "--unit-test") {
        rocket::set_log_level(rocket::log_level_t::none);
        test_mode = true;
    }
    rocket::init(argc, argv);
    rocket::window_t window({ 1280, 720 }, "RocketGE - Multithreaded Test", {
    });
    rocket::renderer_2d r(&window, 60, {
        .show_splash = !test_mode
    });

    rocket::asset_manager_t am;
    std::shared_ptr<rocket::texture_t> tx = nullptr;

    std::thread ([&] () {
        std::string thread_id = std::to_string(rocket::thread_t::get_thread_id());
        rocket::log("simulating real work...", "thread", thread_id, "info");
        int32_t foo = 0;
        while (foo != 2147483647) foo++;

        // Load the file from disk on any thread
        tx = am.get_texture(am.load_texture("resources/window_icon.jpg"));
        rocket::log("Loaded texture", "thread", thread_id, "info");

        // Load the texture on the main thread
        rocket::thread_t::schedule([&r, &tx]() {
            std::string thread_id = std::to_string(rocket::thread_t::get_thread_id());
            rocket::log("Readying texture...", "thread", thread_id, "info");
            r.make_ready_texture(tx);
            rocket::log("Ready texture", "thread", thread_id, "info");
        });
    }).detach();

    rocket::thread_t::run([]() {
        rocket::log("Hello, from a new thread", "thread", std::to_string(rocket::thread_t::get_thread_id()), "info");
    });

    std::chrono::time_point<std::chrono::high_resolution_clock> start = std::chrono::high_resolution_clock::now();

    while (window.is_running()) {
        r.begin_frame();
        r.clear();
        {       
            if (tx != nullptr && tx->is_ready()) {
                r.draw_texture(tx, { {250, 250}, {256,256} });
            }
            r.draw_rectangle({ 100, 100 }, { 256, 256 }, rocket::rgba_color::red());
            r.draw_fps(); // [FIXME] not rendering text when calling GL functions from another thread directly
        }
        r.end_frame();
        window.poll_events();
        auto end = std::chrono::high_resolution_clock::now();
        if (test_mode) {
            bool has_been_5_seconds = (end - start) >= std::chrono::seconds(5);
            if (has_been_5_seconds && tx == nullptr) {
                return 1;
            }

            if (tx != nullptr) return 0;
        }
    }

    window.close();
}
tests/persistence_test.cpp:
#include "rocket/persistence.hpp"
#include "rocket/renderer.hpp"
#include "rocket/window.hpp"
#include <iostream>
#include <rocket/runtime.hpp>

int variant_to_int(const rocket::storage::variable_t &v, int default_value) {
    return std::visit([default_value](auto&& x) -> int {
        using T = std::decay_t<decltype(x)>;
        if constexpr (std::is_arithmetic_v<T>) return static_cast<int>(x);
        else return default_value;
    }, v);
}

int main(int argc, char **argv) {
    rocket::init(argc, argv);
    bool test_mode = false;
    if (argc >= 3 && std::string(argv[2]) == "--unit-test") {
        rocket::set_log_level(rocket::log_level_t::none);
        test_mode = true;
    }

    rocket::storage::init("persistence_test");

    rocket::storage::variable_t width = rocket::storage::get("window_width");
    rocket::storage::variable_t height = rocket::storage::get("window_height");

    int w = variant_to_int(width, 1280);
    int h = variant_to_int(height, 720);

    rocket::window_t window = { { w, h }, "RocketGE - Persistence Test" };
    rocket::renderer_2d r = { &window, 60, { .show_splash = !test_mode } };

    while (window.is_running()) {
        r.begin_frame();
        r.clear();
        {
            
        }
        r.end_frame();
        window.poll_events();

        if (test_mode) return 0;
    }

    rocket::storage::store("window_width", window.get_size().x);
    rocket::storage::store("window_height", window.get_size().y);
    rocket::storage::flush();
}
tests/plugin_test.cpp:
#include "rocket/renderer.hpp"
#include "rocket/runtime.hpp"
#include "rocket/plugin/plugin.hpp"
#include "rocket/window.hpp"
#include <iostream>

int main(int argc, char **argv) {
    bool test_mode = false;
    if (argc >= 3 && std::string(argv[2]) == "--unit-test") {
        rocket::set_log_level(rocket::log_level_t::none);
        test_mode = true;
    }
    rocket::init(argc, argv);    
    rocket::set_log_level(rocket::log_level_t::info);
#ifdef ROCKETGE__Platform_Windows
    auto plugin = rocket::load_plugin("resources/test.plugin.win32");
#else
    auto plugin = rocket::load_plugin("resources/test.plugin");
#endif
    if (plugin != nullptr) {
        void (*my_test)() = reinterpret_cast<void(*)()>(plugin->get_function("my_test"));

        my_test();
    } else {
        rocket::log("you didn't let it load the plugin!", "main.cpp", "main", "warn");
    }

    rocket::window_t window = { { 1280, 720 }, "RocketGE - Plugin Test" };
    rocket::renderer_2d r(&window, 60, {.show_splash = !test_mode});

    while (window.is_running()) {
        r.begin_frame();
        r.clear();
        {
            // plugin renders first
            r.draw_rectangle({
                .pos = { 100, 300 },
                .size = { 100, 100 }
            }, rocket::rgba_color::red());
            // or use a plugin-specific drawing callback
        }
        r.end_frame();
        window.poll_events();

        if (test_mode) return plugin == nullptr;
    }
}
tests/scripting_test.cpp:
#include "rocket/renderer.hpp"
#include "rocket/types.hpp"
#include "rocket/window.hpp"
#include <chrono>
#include <iostream>
#include <rocket/runtime.hpp>
#include <rocket/scripting.hpp> 
#include <thread>

int main(int argc, char **argv) {
    rocket::init(argc, argv);
    bool test_mode = false;
    if (argc >= 3 && std::string(argv[2]) == "--unit-test") {
        rocket::set_log_level(rocket::log_level_t::none);
        test_mode = true;
    }
    rocket::window_t window = { { 1280, 720 }, "RocketGE - Scripting Test" };
    rocket::renderer_2d r = { &window, 60, { .show_splash = !test_mode } };

    rocket::script::init();
    rocket::script::environment_t env;

    bool success = env.load_exec(std::filesystem::path("resources") / "update_rect_position.py");
    rocket::script::initialize_file_watcher([&env]() {
        rocket::log("Script changed, reloading...", "rocket::script", "initialize_file_watcher", "info");
        env.load_exec(std::filesystem::path("resources") / "update_rect_position.py");
    }, std::filesystem::path("resources") / "update_rect_position.py");

    while (window.is_running()) {
        r.begin_frame();
        r.clear();
        {
            env.call("update");

            pybind11::object py_position = env.globals["cur_position"];
            rocket::vec2f_t position = py_position.cast<rocket::vec2f_t>();

            r.draw_rectangle(position, { 200, 200 });

            r.draw_fps();
        }
        r.end_frame();
        window.poll_events();

        if (test_mode) return !success;
    }
}
tests/sound_engine_test.cpp:
#include "rocket/window.hpp"
#include <iostream>
#include <rocket/runtime.hpp>
#include <rocket/asset.hpp>
#include <rocket/audio.hpp>

int main(int argc, char **argv) {
    bool test_mode = false;
    if (argc >= 3 && std::string(argv[2]) == "--unit-test") {
        rocket::set_log_level(rocket::log_level_t::none);
        test_mode = true;
    }
    rocket::init(argc, argv);
    rocket::window_t window = { { 1280, 720 }, "RocketGE - Sound Engine Test" };
    rocket::renderer_2d r(&window, 60, {.show_splash = !test_mode});

    std::vector<rocket::audio::device_t> devices = rocket::audio::get_devices();

    rocket::asset_manager_t am(std::chrono::seconds(1));
    rocket::log("Loading sound...", "main.cpp", "main", "info");
    auto sound = am.get_sound(am.load_sound("resources/output.ogg"));

    rocket::audio::sound_engine_t se(rocket::audio::device_t::get_default());
    se.play(*sound);

    // auto stream_sound = se.stream("/home/noerlol/C-Projects/RocketGE/bin/resources/output.ogg");
    // se.update_music_streams();
    // se.play(stream_sound);

    while (window.is_running()) {
        r.begin_frame();
        r.clear();
        {
            r.draw_fps();
        }
        r.end_frame();
        window.poll_events();
        if (test_mode) return 0;
    }

    am.close();
}
tests/state_reset_test.cpp:
#include "../include/rocket/runtime.hpp"
#include "rocket/asset.hpp"
#include "rocket/io.hpp"
#include "rocket/renderer.hpp"
#include "rocket/types.hpp"
#include "rocket/window.hpp"
#include <iostream>


int main(int argc, char **argv) {
    rocket::init(argc, argv);
    bool test_mode = false;
    if (argc >= 3 && std::string(argv[2]) == "--unit-test") {
        rocket::set_log_level(rocket::log_level_t::none);
        test_mode = true;
    }
    rocket::window_t window({1920, 1080}, "RocketGE - State Reset Test");
    rocket::renderer_2d r(&window, 60, {.show_splash = true});

    rocket::text_t text = {"Hello, Rocket World!", 48, rocket::rgb_color::black()};

    bool error = false;
    rocket::set_opengl_error_callback([&error, test_mode] (std::string, std::string, int, std::string, std::string) {
        error = true;
        std::exit(1);
    });

    int i = 0;
    while (window.is_running() && i < 20) {
        r.begin_frame();
        r.clear();
        {}
        r.end_frame();
        window.poll_events();
        ++i;
    }

    r.close();
    window.close();

    i = 0;
    {
        rocket::window_t w2 = {};
        rocket::renderer_2d r2 = &w2;
        while (w2.is_running()) {
            r2.begin_frame();
            r2.clear();
            {
                r2.draw_rectangle({ {0,0}, {240,240} }, rocket::rgba_color::red());
            }
            r2.end_frame();
            w2.poll_events();

            ++i;
        }
    }
}
tests/test_generator_test.cpp:
#include "rocket/renderer.hpp"
#include "rocket/window.hpp"
#include <test_generator/test.hpp>

int main(int argc, char **argv) {
    rocket::renderer_2d *ren = nullptr;
    rocket::glfw_window_t *win = nullptr;
    return MakeTest(
        argc, argv, "Test Generator Test", 
        [ren, win]() -> bool {
            if (ren == nullptr || win == nullptr)
                return false;
            return true;
        },
        nullptr,
        nullptr,
        [&ren, &win](rocket::window_t *window, rocket::renderer_2d *renderer) {
            ren = renderer;
            win = window;
        }
    );
}
tests/text_test.cpp:
#include "../include/rocket/runtime.hpp"
#include "rocket/asset.hpp"
#include "rocket/io.hpp"
#include "rocket/renderer.hpp"
#include "rocket/types.hpp"
#include "rocket/window.hpp"

int main(int argc, char **argv) {
    rocket::init(argc, argv);
    bool test_mode = false;
    if (argc >= 3 && std::string(argv[2]) == "--unit-test") {
        rocket::set_log_level(rocket::log_level_t::none);
        test_mode = true;
    }
    rocket::window_t window({1920, 1080}, "RocketGE - Text Test");
    rocket::renderer_2d r(&window, 60, {.show_splash = !test_mode});

    rocket::text_t text = {"Hello, Rocket World!", 48, rocket::rgb_color::black()};

    while (window.is_running()) {
        r.begin_frame();
        r.clear();
        {
            r.draw_text(text, { static_cast<float>(window.get_size().x) / 2 - text.measure().x / 2, static_cast<float>(window.get_size().y) / 2 - text.measure().y / 2 });
        }
        {
            r.draw_fps();
        }
        r.end_frame();
        window.poll_events();

        if (test_mode) return 0;
    }

    r.close();
    window.close();
}
tests/texture_atlas_test.cpp:
#include "rocket/asset.hpp"
#include "rocket/renderer.hpp"
#include "rocket/rgl.hpp"
#include <chrono>
#include <rocket/runtime.hpp>
#include "rocket/types.hpp"
#include "rocket/window.hpp"
#include <rocket/threads.hpp>
#include <sstream>
#include <string>
#include <thread>

int main(int argc, char **argv) {
    bool test_mode = false;
    if (argc >= 3 && std::string(argv[2]) == "--unit-test") {
        rocket::set_log_level(rocket::log_level_t::none);
        test_mode = true;
    }
    rocket::init(argc, argv);
    rocket::window_t window({ 1280, 720 }, "RocketGE - Multithreaded Test", {
    });
    rocket::renderer_2d r(&window, 60, {
        .show_splash = !test_mode
    });

    rocket::asset_manager_t am;
    std::shared_ptr<rocket::texture_t> tx = nullptr;

    tx = am.get_texture(am.load_texture("resources/atlas.png"));

    r.begin_render_mode(rocket::render_mode_t::texture_filter_none);

    while (window.is_running()) {
        r.begin_frame();
        r.clear();
        {       
            r.draw_rectangle({ 100, 100 }, { 256, 256 }, rocket::rgba_color::red());
            r.draw_atlas_texture(tx, { {250, 250}, {256,256} }, { 0, 0 }, { 16, 16 });
            r.draw_fps();
        }
        r.end_frame();
        window.poll_events();
        if (test_mode) {
            if (tx != nullptr) return 0;
        }
    }

    window.close();
}

tests/triangle_drawcall_test.cpp:
#include "rocket/asset.hpp"
#include "rocket/renderer.hpp"
#include "rocket/types.hpp"
#include "rocket/window.hpp"
#include <chrono>
#include <iostream>
#include <rocket/runtime.hpp>
#include <thread>

int main(int argc, char **argv) {
    rocket::init(argc, argv);
    bool test_mode = false;
    if (argc >= 3 && std::string(argv[2]) == "--unit-test") {
        rocket::set_log_level(rocket::log_level_t::none);
        test_mode = true;
    }

    rocket::window_t window = { {1280, 720}, "RocketGE - Triangle & Drawcall Test" };
    rocket::renderer_2d r(&window, 60, {
        .show_splash = !test_mode
    });

    float max_while_60_fps_hit = 1;
    bool fin = false;

    while (window.is_running()) {
        r.begin_frame();
        r.clear();
        {
            if (r.get_framecount() > 15) {
                if (r.get_current_fps() > (r.get_fps() <= 5 ? 0 : r.get_fps() / 2) && !fin)  {
                    for (int i = 0; i < max_while_60_fps_hit; ++i) {
                        r.draw_rectangle({ {256, 256}, {128, 128} }, rocket::rgba_color::red() );
                    }
                    max_while_60_fps_hit *= 1.05;
                } else {
                    fin = true;
                }
            }

            rocket::text_t fps = { fin ? ("Max: " + std::to_string((int) max_while_60_fps_hit) + " rectangles") : "Testing...", 48, rocket::rgb_color::black(), rGE__FONT_DEFAULT_MONOSPACED };
            r.draw_text(fps, r.get_viewport_size() / 2 - fps.measure() / 2);

            rocket::text_t text = { "Drawcalls: " + std::to_string(r.get_drawcalls()), 24, rocket::rgb_color::black(), rGE__FONT_DEFAULT_MONOSPACED };
            r.draw_text(text, { 10, 10 });
            r.draw_fps({ 10, 15 + 24 });
            
            if (fin && test_mode) {
                r.end_frame();
                window.poll_events();
                std::this_thread::sleep_for(std::chrono::milliseconds(500));
                return 0;
            };
        }
        r.end_frame();
        window.poll_events();
    }
}
tests/ui_init_test.cpp:
#include "../include/rocket/runtime.hpp"
#include "../include/astro/astroui.hpp"
#include "rocket/asset.hpp"
#include "rocket/renderer.hpp"
#include "rocket/types.hpp"
#include "rocket/window.hpp"
#include <chrono>
#include <iostream>
#include <memory>
#include <thread>

rocket::rgba_color clr_gray() {
    return { 128, 128, 128, 255 };
}

rocket::rgba_color clr_lgray() {
    return { 192, 192, 192, 255 };
}

rocket::rgba_color clr_dgray() {
    return { 64, 64, 64, 255 };
}

rocket::rgba_color clr_blank() {
    return { 0, 0, 0, 0 };
}

void draw_info_util(astro::button_t &button, astro::draw_info_t &info) {
    if (button.is_clicking(true)) {
        info.color = rocket::rgba_color::black();
        info.text_color = rocket::rgb_color::white();
    } else if (button.is_hovering()) {
        info.color = clr_dgray();
        info.text_color = rocket::rgb_color::white();
    } else {
        info.color = clr_gray();
        info.text_color = rocket::rgb_color::black();
    }
}

int main(int argc, char **argv) {
    bool test_mode = false;
    if (argc >= 3 && std::string(argv[2]) == "--unit-test") {
        rocket::set_log_level(rocket::log_level_t::none);
        test_mode = true;
    }
    rocket::init(argc, argv);

    rocket::windowflags_t flags;
    flags.resizable = true;
    flags.msaa_samples = 4;
    rocket::window_t window({ 1280, 720 }, "RocketGE - UI Init Test", flags);
    rocket::renderer_2d r(&window, 60, {
        .show_splash = !test_mode,
    });

    astro::set_renderer(&r);

    astro::button_t b1 = {"Yes", { 200 + 16, 200 + 400 - 16 - 75 }, { 150, 75 }};
    astro::button_t b2 = {"No", b1.pos + rocket::vec2f_t{ 200 + 20, 0 }, b1.size};
    rocket::text_t text = {"Do you agree?", 24, { 255, 255, 255 }};
    rocket::vec2f_t text_pos = {
        200.f + (400.f - text.measure().x) / 2.f,
        200.f + (400.f - text.font->get_line_height()) / 2.f - 16
    };
    astro::dialog_t dialog("Do you agree?", text_pos, { 200, 200 }, { 400, 400 }, &b1, &b2);

    while (window.is_running()) {
        r.begin_frame();
        r.clear(rocket::rgba_color::black());
        astro::begin_ui();
        {
            astro::draw_info_t info = {
                .color = clr_gray(),
                .text_color = rocket::rgb_color::black(),
                .border = {
                    .width = 0,
                    .radius = 0.25,
                    .color = clr_blank()
                }
            };
            astro::draw_info_t info_btn1 = info;
            astro::draw_info_t info_btn2 = info;
            info.border.radius = 0.05;
            draw_info_util(b1, info_btn1);
            draw_info_util(b2, info_btn2);
            info.color = rocket::rgba_color::white();
            dialog.draw(info, info_btn1, info_btn2);
        }
        {
            if (b1.is_clicking()) {
                rocket::log("Yes clicked", "main.cpp", "main", "info");
            }
            if (b2.is_clicking()) {
                rocket::log("No clicked", "main.cpp", "main", "info");
            }
        }
        astro::end_ui();
        r.draw_fps();
        r.end_frame();
        window.poll_events();

        if (test_mode) return 0;
    }

    r.close();
    window.close();
}
